FATAL simpleconf: FROM_LIST 'Xunior Neckbeards' not found. Chimp Minder abort!
FATAL simpleconf: FROM_LIST 'Xunior Neckbeards' not found. Chimp Minder abort!
 INFO simpleconf: Chimp Minder awakens at 2014-01-14 14:51:24 -0500 for some heavy lifting! Moving FNAME, LNAME, EMPLOYER, EMP_ID ID from Xunior Neckbeards to Impressive Neckbeards.
FATAL simpleconf: FROM_LIST 'Xunior Neckbeards' not found. Chimp Minder abort!
 INFO ChimpMinder: awakens at 2014-01-14 14:53:30 -0500 for some heavy lifting! Moving FNAME, LNAME, EMPLOYER, EMP_ID ID from Xunior Neckbeards to Impressive Neckbeards.
FATAL ChimpMinder: FROM_LIST 'Xunior Neckbeards' not found. Chimp Minder abort!
 INFO ChimpMinder: awakens at 2014-01-14 15:02:11 -0500 for some heavy lifting!
 INFO ChimpMinder: moving FNAME, LNAME, EMPLOYER, EMP_ID ID from Xunior Neckbeards to Impressive Neckbeards.
FATAL ChimpMinder: FROM_LIST 'Xunior Neckbeards' not found. Chimp Minder abort!
 INFO ChimpMinder: awakens at 2014-01-14 15:05:57 -0500 for some heavy lifting!
 INFO ChimpMinder: moving FNAME, LNAME, EMPLOYER, EMP_ID ID from Xunior Neckbeards to Impressive Neckbeards.
FATAL ChimpMinder: FROM_LIST 'Xunior Neckbeards' not found. Chimp Minder abort!
 INFO ChimpMinder: awakens at 2014-01-14 15:06:32 -0500 for some heavy lifting!
 INFO ChimpMinder: moving FNAME, LNAME, EMPLOYER, EMP_ID ID from Xunior Neckbeards to Impressive Neckbeards.
FATAL ChimpMinder: FROM_LIST 'Xunior Neckbeards' not found. Chimp Minder abort!
 INFO ChimpMinder: awakens at 2014-01-14 15:07:06 -0500 for some heavy lifting!
 INFO ChimpMinder: moving FNAME, LNAME, EMPLOYER, EMP_ID ID from Junior Neckbeards to Impressive Neckbeards.
 INFO ChimpMinder: FROM_LIST 'Junior Neckbeards' loaded successfully.
 INFO ChimpMinder: TO_LIST 'Impressive Neckbeards' loaded successfully.
 INFO ChimpMinder: moved hello+4@peteforde.com
 INFO ChimpMinder: successfully moved 1 of 1 list members from Junior Neckbeards to Impressive Neckbeards. Sleeping already, at 2014-01-14 15:07:07 -0500
 INFO ChimpMinder: awakens at 2014-01-14 15:09:22 -0500 for some heavy lifting!
 INFO ChimpMinder: moving FNAME, LNAME, EMPLOYER, EMP_ID ID from Junior Neckbeards to Impressive Neckbeards.
 INFO ChimpMinder: FROM_LIST 'Junior Neckbeards' loaded successfully.
 INFO ChimpMinder: TO_LIST 'Impressive Neckbeards' loaded successfully.
 INFO ChimpMinder: hello+5@peteforde.com - moved successfully! (1/1)
 INFO ChimpMinder: successfully moved 1 of 1 list members from Junior Neckbeards to Impressive Neckbeards. Sleeping already, at 2014-01-14 15:09:24 -0500.
 INFO ChimpMinder: awakens at 2014-01-14 15:09:27 -0500 for some heavy lifting!
 INFO ChimpMinder: moving FNAME, LNAME, EMPLOYER, EMP_ID ID from Junior Neckbeards to Impressive Neckbeards.
 INFO ChimpMinder: FROM_LIST 'Junior Neckbeards' loaded successfully.
 INFO ChimpMinder: TO_LIST 'Impressive Neckbeards' loaded successfully.
 INFO ChimpMinder: successfully moved 0 of 0 list members from Junior Neckbeards to Impressive Neckbeards. Sleeping already, at 2014-01-14 15:09:28 -0500.
 INFO ChimpMinder: awakens at 2014-01-14 15:12:04 -0500 for some heavy lifting!
 INFO ChimpMinder: moving FNAME, LNAME, EMPLOYER, EMP_ID ID from Junior Neckbeards to Impressive Neckbeards.
 INFO ChimpMinder: FROM_LIST 'Junior Neckbeards' loaded successfully.
 INFO ChimpMinder: TO_LIST 'Impressive Neckbeards' loaded successfully.
 INFO ChimpMinder: found no list members in Junior Neckbeards to move.
 INFO ChimpMinder: is sleeping again as of 2014-01-14 15:12:06 -0500.
 INFO ChimpMinder: awakens at 2014-01-14 15:15:12 -0500 for some heavy lifting!
 INFO ChimpMinder: moving FNAME, LNAME, EMPLOYER, EMP_ID ID from Junior Neckbeards to Impressive Neckbeards.
 INFO ChimpMinder: FROM_LIST 'Junior Neckbeards' loaded successfully.
 INFO ChimpMinder: TO_LIST 'Impressive Neckbeards' loaded successfully.
 WARN ChimpMinder: couldn't move hello+4@peteforde.com due to MailChimp error 214: {hello+4@peteforde.com is already subscribed to list Impressive Neckbeards. Click here to update your profile.}
 INFO ChimpMinder: found no list members in Junior Neckbeards to move.
 INFO ChimpMinder: is sleeping again as of 2014-01-14 15:15:15 -0500.
 INFO ChimpMinder: awakens at 2014-01-14 15:17:16 -0500 for some heavy lifting!
 INFO ChimpMinder: moving FNAME, LNAME, EMPLOYER, EMP_ID ID from Junior Neckbeards to Impressive Neckbeards.
 INFO ChimpMinder: FROM_LIST 'Junior Neckbeards' loaded successfully.
 INFO ChimpMinder: TO_LIST 'Impressive Neckbeards' loaded successfully.
 INFO ChimpMinder: TrueClass: true
 WARN ChimpMinder: couldn't move hello+4@peteforde.com due to MailChimp error 214: {hello+4@peteforde.com is already subscribed to list Impressive Neckbeards. Click here to update your profile.}
 INFO ChimpMinder: found no list members in Junior Neckbeards to move.
 INFO ChimpMinder: is sleeping again as of 2014-01-14 15:17:18 -0500.
 INFO ChimpMinder: awakens at 2014-01-14 15:27:11 -0500 for some heavy lifting!
 INFO ChimpMinder: moving FNAME, LNAME, EMPLOYER, EMP_ID ID from Junior Neckbeards to Impressive Neckbeards.
 INFO ChimpMinder: FROM_LIST 'Junior Neckbeards' loaded successfully.
 INFO ChimpMinder: TO_LIST 'Impressive Neckbeards' loaded successfully.
 WARN ChimpMinder: hello+4@peteforde.com is already a member of Impressive Neckbeards.
 INFO ChimpMinder: duplicate hello+4@peteforde.com removed from Junior Neckbeards.
 INFO ChimpMinder: found no list members in Junior Neckbeards to move.
 INFO ChimpMinder: is sleeping again as of 2014-01-14 15:27:13 -0500.
 INFO ChimpMinder: awakens at 2014-01-14 15:28:23 -0500 for some heavy lifting!
 INFO ChimpMinder: moving FNAME, LNAME, EMPLOYER, EMP_ID ID from Junior Neckbeards to Impressive Neckbeards.
 INFO ChimpMinder: FROM_LIST 'Junior Neckbeards' loaded successfully.
 INFO ChimpMinder: TO_LIST 'Impressive Neckbeards' loaded successfully.
 WARN ChimpMinder: hello+4@peteforde.com is already a member of Impressive Neckbeards.
 INFO ChimpMinder: duplicate hello+4@peteforde.com removed from Junior Neckbeards.
 INFO ChimpMinder: found no list members in Junior Neckbeards to move.
 INFO ChimpMinder: is sleeping again as of 2014-01-14 15:28:24 -0500.
 INFO ChimpMinder: awakens at 2014-01-14 15:29:27 -0500 for some heavy lifting!
 INFO ChimpMinder: moving FNAME, LNAME, EMPLOYER, EMP_ID ID from Junior Neckbeards to Impressive Neckbeards.
 INFO ChimpMinder: FROM_LIST 'Junior Neckbeards' loaded successfully.
 INFO ChimpMinder: TO_LIST 'Impressive Neckbeards' loaded successfully.
 WARN ChimpMinder: hello+4@peteforde.com is already a member of Impressive Neckbeards.
 INFO ChimpMinder: found no list members in Junior Neckbeards to move.
 INFO ChimpMinder: is sleeping again as of 2014-01-14 15:29:29 -0500.
 INFO ChimpMinder: awakens at 2014-01-14 15:29:41 -0500 for some heavy lifting!
 INFO ChimpMinder: moving FNAME, LNAME, EMPLOYER, EMP_ID ID from Junior Neckbeards to Impressive Neckbeards.
 INFO ChimpMinder: FROM_LIST 'Junior Neckbeards' loaded successfully.
 INFO ChimpMinder: TO_LIST 'Impressive Neckbeards' loaded successfully.
 WARN ChimpMinder: hello+4@peteforde.com is already a member of Impressive Neckbeards.
 INFO ChimpMinder: found no list members in Junior Neckbeards to move.
 INFO ChimpMinder: is sleeping again as of 2014-01-14 15:29:43 -0500.
 INFO ChimpMinder: awakens at 2014-01-14 15:30:19 -0500 for some heavy lifting!
 INFO ChimpMinder: moving FNAME, LNAME, EMPLOYER, EMP_ID ID from Junior Neckbeards to Impressive Neckbeards.
 INFO ChimpMinder: FROM_LIST 'Junior Neckbeards' loaded successfully.
 INFO ChimpMinder: TO_LIST 'Impressive Neckbeards' loaded successfully.
 WARN ChimpMinder: hello+4@peteforde.com is already a member of Impressive Neckbeards.
 INFO ChimpMinder: found no list members in Junior Neckbeards to move.
 INFO ChimpMinder: is sleeping again as of 2014-01-14 15:30:21 -0500.
 INFO ChimpMinder: awakens at 2014-01-14 15:30:34 -0500 for some heavy lifting!
 INFO ChimpMinder: moving FNAME, LNAME, EMPLOYER, EMP_ID ID from Junior Neckbeards to Impressive Neckbeards.
 INFO ChimpMinder: FROM_LIST 'Junior Neckbeards' loaded successfully.
 INFO ChimpMinder: TO_LIST 'Impressive Neckbeards' loaded successfully.
 WARN ChimpMinder: hello+4@peteforde.com is already a member of Impressive Neckbeards.
 INFO ChimpMinder: found no list members in Junior Neckbeards to move.
 INFO ChimpMinder: is sleeping again as of 2014-01-14 15:30:36 -0500.
 INFO ChimpMinder: awakens at 2014-01-14 15:31:11 -0500 for some heavy lifting!
 INFO ChimpMinder: moving FNAME, LNAME, EMPLOYER, EMP_ID ID from Junior Neckbeards to Impressive Neckbeards.
 INFO ChimpMinder: FROM_LIST 'Junior Neckbeards' loaded successfully.
 INFO ChimpMinder: TO_LIST 'Impressive Neckbeards' loaded successfully.
 WARN ChimpMinder: hello+4@peteforde.com is already a member of Impressive Neckbeards.
 INFO ChimpMinder: duplicate hello+4@peteforde.com removed from Junior Neckbeards.
 INFO ChimpMinder: found no list members in Junior Neckbeards to move.
 INFO ChimpMinder: is sleeping again as of 2014-01-14 15:31:14 -0500.
